{"/Users/wayne/Desktop/projects/svgs2fonts@v2/src/constant.ts": {"path":"/Users/wayne/Desktop/projects/svgs2fonts@v2/src/constant.ts","statementMap":{"0":{"start":{"line":8,"column":13},"end":{"line":8,"column":61}},"1":{"start":{"line":10,"column":13},"end":{"line":10,"column":33}},"2":{"start":{"line":11,"column":13},"end":{"line":11,"column":31}},"3":{"start":{"line":13,"column":13},"end":{"line":13,"column":51}},"4":{"start":{"line":15,"column":13},"end":{"line":15,"column":47}},"5":{"start":{"line":16,"column":13},"end":{"line":16,"column":45}},"6":{"start":{"line":17,"column":13},"end":{"line":17,"column":46}},"7":{"start":{"line":19,"column":13},"end":{"line":28,"column":3}},"8":{"start":{"line":30,"column":13},"end":{"line":102,"column":4}}},"fnMap":{},"branchMap":{},"s":{"0":1,"1":1,"2":1,"3":1,"4":1,"5":1,"6":1,"7":1,"8":1},"f":{},"b":{}}
,"/Users/wayne/Desktop/projects/svgs2fonts@v2/src/fsfuncs.ts": {"path":"/Users/wayne/Desktop/projects/svgs2fonts@v2/src/fsfuncs.ts","statementMap":{"0":{"start":{"line":6,"column":0},"end":{"line":6,"column":20}},"1":{"start":{"line":7,"column":0},"end":{"line":7,"column":46}},"2":{"start":{"line":8,"column":0},"end":{"line":8,"column":28}},"3":{"start":{"line":9,"column":0},"end":{"line":9,"column":53}},"4":{"start":{"line":10,"column":0},"end":{"line":10,"column":35}},"5":{"start":{"line":18,"column":2},"end":{"line":24,"column":null}},"6":{"start":{"line":19,"column":4},"end":{"line":19,"column":28}},"7":{"start":{"line":20,"column":4},"end":{"line":20,"column":16}},"8":{"start":{"line":22,"column":4},"end":{"line":22,"column":44}},"9":{"start":{"line":23,"column":4},"end":{"line":23,"column":15}},"10":{"start":{"line":17,"column":0},"end":{"line":17,"column":16}},"11":{"start":{"line":33,"column":2},"end":{"line":35,"column":null}},"12":{"start":{"line":34,"column":4},"end":{"line":34,"column":27}},"13":{"start":{"line":32,"column":0},"end":{"line":32,"column":16}},"14":{"start":{"line":45,"column":2},"end":{"line":50,"column":null}},"15":{"start":{"line":46,"column":4},"end":{"line":46,"column":49}},"16":{"start":{"line":47,"column":4},"end":{"line":47,"column":16}},"17":{"start":{"line":49,"column":4},"end":{"line":49,"column":17}},"18":{"start":{"line":44,"column":0},"end":{"line":44,"column":16}},"19":{"start":{"line":62,"column":2},"end":{"line":82,"column":5}},"20":{"start":{"line":63,"column":20},"end":{"line":63,"column":37}},"21":{"start":{"line":64,"column":4},"end":{"line":64,"column":27}},"22":{"start":{"line":66,"column":4},"end":{"line":68,"column":null}},"23":{"start":{"line":67,"column":6},"end":{"line":67,"column":25}},"24":{"start":{"line":69,"column":4},"end":{"line":80,"column":null}},"25":{"start":{"line":70,"column":6},"end":{"line":76,"column":null}},"26":{"start":{"line":71,"column":24},"end":{"line":71,"column":49}},"27":{"start":{"line":73,"column":8},"end":{"line":73,"column":80}},"28":{"start":{"line":75,"column":8},"end":{"line":75,"column":46}},"29":{"start":{"line":78,"column":6},"end":{"line":78,"column":46}},"30":{"start":{"line":79,"column":6},"end":{"line":79,"column":25}},"31":{"start":{"line":81,"column":4},"end":{"line":81,"column":26}},"32":{"start":{"line":61,"column":0},"end":{"line":61,"column":16}},"33":{"start":{"line":95,"column":2},"end":{"line":106,"column":5}},"34":{"start":{"line":96,"column":4},"end":{"line":105,"column":7}},"35":{"start":{"line":97,"column":6},"end":{"line":104,"column":null}},"36":{"start":{"line":98,"column":8},"end":{"line":98,"column":48}},"37":{"start":{"line":99,"column":8},"end":{"line":99,"column":27}},"38":{"start":{"line":101,"column":8},"end":{"line":102,"column":99}},"39":{"start":{"line":103,"column":8},"end":{"line":103,"column":30}},"40":{"start":{"line":94,"column":0},"end":{"line":94,"column":16}},"41":{"start":{"line":115,"column":27},"end":{"line":115,"column":29}},"42":{"start":{"line":116,"column":2},"end":{"line":128,"column":null}},"43":{"start":{"line":117,"column":18},"end":{"line":117,"column":56}},"44":{"start":{"line":119,"column":4},"end":{"line":123,"column":7}},"45":{"start":{"line":120,"column":6},"end":{"line":122,"column":null}},"46":{"start":{"line":121,"column":8},"end":{"line":121,"column":47}},"47":{"start":{"line":125,"column":4},"end":{"line":127,"column":null}},"48":{"start":{"line":126,"column":6},"end":{"line":126,"column":25}},"49":{"start":{"line":129,"column":2},"end":{"line":129,"column":16}},"50":{"start":{"line":114,"column":0},"end":{"line":114,"column":16}}},"fnMap":{"0":{"name":"mkdirpSync","decl":{"start":{"line":17,"column":16},"end":{"line":17,"column":26}},"loc":{"start":{"line":17,"column":45},"end":{"line":25,"column":1}}},"1":{"name":"setFolderSync","decl":{"start":{"line":32,"column":16},"end":{"line":32,"column":29}},"loc":{"start":{"line":32,"column":48},"end":{"line":36,"column":1}}},"2":{"name":"fsExistsSync","decl":{"start":{"line":44,"column":16},"end":{"line":44,"column":28}},"loc":{"start":{"line":44,"column":47},"end":{"line":51,"column":1}}},"3":{"name":"writeFile","decl":{"start":{"line":61,"column":16},"end":{"line":61,"column":25}},"loc":{"start":{"line":61,"column":83},"end":{"line":83,"column":1}}},"4":{"name":"(anonymous_4)","decl":{"start":{"line":62,"column":30},"end":{"line":62,"column":37}},"loc":{"start":{"line":62,"column":40},"end":{"line":82,"column":3}}},"5":{"name":"setIconFile","decl":{"start":{"line":94,"column":16},"end":{"line":94,"column":27}},"loc":{"start":{"line":94,"column":86},"end":{"line":107,"column":1}}},"6":{"name":"(anonymous_6)","decl":{"start":{"line":95,"column":30},"end":{"line":95,"column":37}},"loc":{"start":{"line":95,"column":40},"end":{"line":106,"column":3}}},"7":{"name":"(anonymous_7)","decl":{"start":{"line":96,"column":37},"end":{"line":96,"column":40}},"loc":{"start":{"line":96,"column":43},"end":{"line":105,"column":5}}},"8":{"name":"filterSvgFiles","decl":{"start":{"line":114,"column":16},"end":{"line":114,"column":30}},"loc":{"start":{"line":114,"column":52},"end":{"line":130,"column":1}}},"9":{"name":"(anonymous_9)","decl":{"start":{"line":119,"column":18},"end":{"line":119,"column":22}},"loc":{"start":{"line":119,"column":25},"end":{"line":123,"column":5}}}},"branchMap":{"0":{"loc":{"start":{"line":22,"column":4},"end":{"line":22,"column":43}},"type":"binary-expr","locations":[{"start":{"line":22,"column":4},"end":{"line":22,"column":21}},{"start":{"line":22,"column":25},"end":{"line":22,"column":43}}]},"1":{"loc":{"start":{"line":33,"column":2},"end":{"line":35,"column":null}},"type":"if","locations":[{"start":{"line":33,"column":2},"end":{"line":35,"column":null}}]},"2":{"loc":{"start":{"line":66,"column":4},"end":{"line":68,"column":null}},"type":"if","locations":[{"start":{"line":66,"column":4},"end":{"line":68,"column":null}}]},"3":{"loc":{"start":{"line":70,"column":6},"end":{"line":76,"column":null}},"type":"if","locations":[{"start":{"line":70,"column":6},"end":{"line":76,"column":null}},{"start":{"line":74,"column":13},"end":{"line":76,"column":null}}]},"4":{"loc":{"start":{"line":73,"column":35},"end":{"line":73,"column":78}},"type":"cond-expr","locations":[{"start":{"line":73,"column":49},"end":{"line":73,"column":57}},{"start":{"line":73,"column":60},"end":{"line":73,"column":78}}]},"5":{"loc":{"start":{"line":78,"column":6},"end":{"line":78,"column":45}},"type":"binary-expr","locations":[{"start":{"line":78,"column":6},"end":{"line":78,"column":23}},{"start":{"line":78,"column":27},"end":{"line":78,"column":45}}]},"6":{"loc":{"start":{"line":94,"column":73},"end":{"line":94,"column":86}},"type":"default-arg","locations":[{"start":{"line":94,"column":84},"end":{"line":94,"column":86}}]},"7":{"loc":{"start":{"line":97,"column":6},"end":{"line":104,"column":null}},"type":"if","locations":[{"start":{"line":97,"column":6},"end":{"line":104,"column":null}},{"start":{"line":100,"column":13},"end":{"line":104,"column":null}}]},"8":{"loc":{"start":{"line":98,"column":8},"end":{"line":98,"column":47}},"type":"binary-expr","locations":[{"start":{"line":98,"column":8},"end":{"line":98,"column":25}},{"start":{"line":98,"column":29},"end":{"line":98,"column":47}}]},"9":{"loc":{"start":{"line":101,"column":8},"end":{"line":102,"column":98}},"type":"binary-expr","locations":[{"start":{"line":101,"column":8},"end":{"line":101,"column":25}},{"start":{"line":102,"column":10},"end":{"line":102,"column":98}}]},"10":{"loc":{"start":{"line":120,"column":6},"end":{"line":122,"column":null}},"type":"if","locations":[{"start":{"line":120,"column":6},"end":{"line":122,"column":null}}]},"11":{"loc":{"start":{"line":120,"column":10},"end":{"line":120,"column":78}},"type":"binary-expr","locations":[{"start":{"line":120,"column":10},"end":{"line":120,"column":24}},{"start":{"line":120,"column":28},"end":{"line":120,"column":52}},{"start":{"line":120,"column":56},"end":{"line":120,"column":78}}]},"12":{"loc":{"start":{"line":125,"column":4},"end":{"line":127,"column":null}},"type":"if","locations":[{"start":{"line":125,"column":4},"end":{"line":127,"column":null}}]}},"s":{"0":1,"1":1,"2":1,"3":1,"4":1,"5":6,"6":6,"7":6,"8":0,"9":0,"10":1,"11":5,"12":5,"13":1,"14":6,"15":6,"16":3,"17":3,"18":1,"19":4,"20":4,"21":4,"22":4,"23":1,"24":4,"25":4,"26":2,"27":2,"28":2,"29":1,"30":1,"31":4,"32":1,"33":1,"34":1,"35":1,"36":1,"37":1,"38":0,"39":0,"40":1,"41":1,"42":1,"43":1,"44":0,"45":0,"46":0,"47":1,"48":0,"49":1,"50":1},"f":{"0":6,"1":5,"2":6,"3":4,"4":4,"5":1,"6":1,"7":1,"8":1,"9":0},"b":{"0":[0,0],"1":[5],"2":[1],"3":[2,2],"4":[0,2],"5":[1,0],"6":[1],"7":[1,0],"8":[1,0],"9":[0,0],"10":[0],"11":[0,0,0],"12":[0]}}
,"/Users/wayne/Desktop/projects/svgs2fonts@v2/src/utils.ts": {"path":"/Users/wayne/Desktop/projects/svgs2fonts@v2/src/utils.ts","statementMap":{"0":{"start":{"line":8,"column":0},"end":{"line":8,"column":42}},"1":{"start":{"line":16,"column":2},"end":{"line":16,"column":30}},"2":{"start":{"line":15,"column":0},"end":{"line":15,"column":16}},"3":{"start":{"line":25,"column":2},"end":{"line":25,"column":35}},"4":{"start":{"line":24,"column":0},"end":{"line":24,"column":16}},"5":{"start":{"line":34,"column":2},"end":{"line":36,"column":null}},"6":{"start":{"line":35,"column":4},"end":{"line":35,"column":13}},"7":{"start":{"line":38,"column":13},"end":{"line":38,"column":14}},"8":{"start":{"line":39,"column":2},"end":{"line":41,"column":null}},"9":{"start":{"line":39,"column":15},"end":{"line":39,"column":16}},"10":{"start":{"line":39,"column":24},"end":{"line":39,"column":39}},"11":{"start":{"line":40,"column":4},"end":{"line":40,"column":35}},"12":{"start":{"line":43,"column":2},"end":{"line":45,"column":null}},"13":{"start":{"line":44,"column":4},"end":{"line":44,"column":21}},"14":{"start":{"line":46,"column":2},"end":{"line":46,"column":48}},"15":{"start":{"line":46,"column":27},"end":{"line":46,"column":48}},"16":{"start":{"line":47,"column":2},"end":{"line":47,"column":16}},"17":{"start":{"line":49,"column":2},"end":{"line":49,"column":14}},"18":{"start":{"line":33,"column":0},"end":{"line":33,"column":16}}},"fnMap":{"0":{"name":"isSuccessResult","decl":{"start":{"line":15,"column":16},"end":{"line":15,"column":31}},"loc":{"start":{"line":15,"column":44},"end":{"line":17,"column":1}}},"1":{"name":"isString","decl":{"start":{"line":24,"column":16},"end":{"line":24,"column":24}},"loc":{"start":{"line":24,"column":39},"end":{"line":26,"column":1}}},"2":{"name":"getIconStrUnicode","decl":{"start":{"line":33,"column":16},"end":{"line":33,"column":33}},"loc":{"start":{"line":33,"column":72},"end":{"line":50,"column":1}}}},"branchMap":{"0":{"loc":{"start":{"line":34,"column":2},"end":{"line":36,"column":null}},"type":"if","locations":[{"start":{"line":34,"column":2},"end":{"line":36,"column":null}}]},"1":{"loc":{"start":{"line":46,"column":2},"end":{"line":46,"column":48}},"type":"if","locations":[{"start":{"line":46,"column":2},"end":{"line":46,"column":48}}]}},"s":{"0":1,"1":0,"2":1,"3":0,"4":1,"5":2,"6":0,"7":2,"8":2,"9":2,"10":2,"11":8,"12":2,"13":8,"14":2,"15":1,"16":2,"17":2,"18":1},"f":{"0":0,"1":0,"2":2},"b":{"0":[0],"1":[1]}}
}
