TN:
SF:src/constant.ts
FNF:0
FNH:0
DA:8,1
DA:10,1
DA:11,1
DA:13,1
DA:15,1
DA:16,1
DA:17,1
DA:19,1
DA:30,1
LF:9
LH:9
BRF:0
BRH:0
end_of_record
TN:
SF:src/fsfuncs.ts
FN:17,mkdirpSync
FN:32,setFolderSync
FN:44,fsExistsSync
FN:61,writeFile
FN:62,(anonymous_4)
FN:94,setIconFile
FN:95,(anonymous_6)
FN:96,(anonymous_7)
FN:114,filterSvgFiles
FN:119,(anonymous_9)
FNF:10
FNH:9
FNDA:6,mkdirpSync
FNDA:5,setFolderSync
FNDA:6,fsExistsSync
FNDA:4,writeFile
FNDA:4,(anonymous_4)
FNDA:1,setIconFile
FNDA:1,(anonymous_6)
FNDA:1,(anonymous_7)
FNDA:1,filterSvgFiles
FNDA:0,(anonymous_9)
DA:6,1
DA:7,1
DA:8,1
DA:9,1
DA:10,1
DA:17,1
DA:18,6
DA:19,6
DA:20,6
DA:22,0
DA:23,0
DA:32,1
DA:33,5
DA:34,5
DA:44,1
DA:45,6
DA:46,6
DA:47,3
DA:49,3
DA:61,1
DA:62,4
DA:63,4
DA:64,4
DA:66,4
DA:67,1
DA:69,4
DA:70,4
DA:71,2
DA:73,2
DA:75,2
DA:78,1
DA:79,1
DA:81,4
DA:94,1
DA:95,1
DA:96,1
DA:97,1
DA:98,1
DA:99,1
DA:101,0
DA:103,0
DA:114,1
DA:115,1
DA:116,1
DA:117,1
DA:119,0
DA:120,0
DA:121,0
DA:125,1
DA:126,0
DA:129,1
LF:51
LH:43
BRDA:22,0,0,0
BRDA:22,0,1,0
BRDA:33,1,0,5
BRDA:66,2,0,1
BRDA:70,3,0,2
BRDA:70,3,1,2
BRDA:73,4,0,0
BRDA:73,4,1,2
BRDA:78,5,0,1
BRDA:78,5,1,0
BRDA:94,6,0,1
BRDA:97,7,0,1
BRDA:97,7,1,0
BRDA:98,8,0,1
BRDA:98,8,1,0
BRDA:101,9,0,0
BRDA:101,9,1,0
BRDA:120,10,0,0
BRDA:120,11,0,0
BRDA:120,11,1,0
BRDA:120,11,2,0
BRDA:125,12,0,0
BRF:22
BRH:9
end_of_record
TN:
SF:src/utils.ts
FN:15,isSuccessResult
FN:24,isString
FN:33,getIconStrUnicode
FNF:3
FNH:1
FNDA:0,isSuccessResult
FNDA:0,isString
FNDA:2,getIconStrUnicode
DA:8,1
DA:15,1
DA:16,0
DA:24,1
DA:25,0
DA:33,1
DA:34,2
DA:35,0
DA:38,2
DA:39,2
DA:40,8
DA:43,2
DA:44,8
DA:46,2
DA:47,2
DA:49,2
LF:16
LH:13
BRDA:34,0,0,0
BRDA:46,1,0,1
BRF:2
BRH:1
end_of_record
