TN:
SF:src/constant.ts
FNF:0
FNH:0
DA:8,1
DA:10,1
DA:11,1
DA:13,1
DA:24,1
LF:5
LH:5
BRF:0
BRH:0
end_of_record
TN:
SF:src/fsUtils.ts
FN:19,mkdirpSync
FN:34,setFolderSync
FN:46,fsExistsSync
FN:63,writeFile
FN:68,(anonymous_5)
FN:100,setIconFile
FN:105,(anonymous_7)
FN:106,(anonymous_8)
FN:124,filterSvgFiles
FN:129,(anonymous_10)
FNF:10
FNH:9
FNDA:6,mkdirpSync
FNDA:5,setFolderSync
FNDA:6,fsExistsSync
FNDA:4,writeFile
FNDA:4,(anonymous_5)
FNDA:1,setIconFile
FNDA:1,(anonymous_7)
FNDA:1,(anonymous_8)
FNDA:1,filterSvgFiles
FNDA:0,(anonymous_10)
DA:8,1
DA:9,1
DA:10,1
DA:11,1
DA:12,1
DA:19,1
DA:20,6
DA:21,6
DA:22,6
DA:24,0
DA:25,0
DA:34,1
DA:35,5
DA:36,5
DA:46,1
DA:47,6
DA:48,6
DA:49,3
DA:51,3
DA:63,1
DA:68,4
DA:69,4
DA:70,4
DA:72,4
DA:73,1
DA:75,4
DA:76,4
DA:77,2
DA:79,2
DA:81,2
DA:84,1
DA:85,1
DA:87,4
DA:100,1
DA:105,1
DA:106,1
DA:107,1
DA:108,1
DA:109,1
DA:111,0
DA:113,0
DA:124,1
DA:125,1
DA:126,1
DA:127,1
DA:129,0
DA:130,0
DA:131,0
DA:135,1
DA:136,0
DA:139,1
LF:51
LH:43
BRDA:24,0,0,0
BRDA:24,0,1,0
BRDA:35,1,0,5
BRDA:72,2,0,1
BRDA:76,3,0,2
BRDA:76,3,1,2
BRDA:79,4,0,0
BRDA:79,4,1,2
BRDA:84,5,0,1
BRDA:84,5,1,0
BRDA:103,6,0,1
BRDA:107,7,0,1
BRDA:107,7,1,0
BRDA:108,8,0,1
BRDA:108,8,1,0
BRDA:111,9,0,0
BRDA:111,9,1,0
BRDA:130,10,0,0
BRDA:130,11,0,0
BRDA:130,11,1,0
BRDA:130,11,2,0
BRDA:135,12,0,0
BRF:22
BRH:9
end_of_record
TN:
SF:src/utils.ts
FN:15,isSuccessResult
FN:24,isString
FN:33,getIconStrUnicode
FNF:3
FNH:1
FNDA:0,isSuccessResult
FNDA:0,isString
FNDA:2,getIconStrUnicode
DA:8,1
DA:15,1
DA:16,0
DA:24,1
DA:25,0
DA:33,1
DA:34,2
DA:35,0
DA:38,2
DA:39,2
DA:40,8
DA:43,2
DA:44,8
DA:46,2
DA:47,2
DA:49,2
LF:16
LH:13
BRDA:34,0,0,0
BRDA:46,1,0,1
BRF:2
BRH:1
end_of_record
